11/3/2020 10:56:54 PM	This log contains information about the import schema operation into project 'ImportDatabase' on computer 'LENOVOLT' by user 'user'.
11/3/2020 10:56:54 PM	Import of database schema has started.
11/3/2020 10:56:59 PM	Gathering database credentials
11/3/2020 10:56:59 PM	Gathering database options
11/3/2020 10:56:59 PM	Gathering users
11/3/2020 10:56:59 PM	Gathering roles
11/3/2020 10:56:59 PM	Gathering application roles
11/3/2020 10:56:59 PM	Gathering role memberships
11/3/2020 10:56:59 PM	Gathering filegroups
11/3/2020 10:56:59 PM	Gathering full-text catalogs
11/3/2020 10:56:59 PM	Gathering assemblies
11/3/2020 10:56:59 PM	Gathering certificates
11/3/2020 10:56:59 PM	Gathering asymmetric keys
11/3/2020 10:56:59 PM	Gathering symmetric keys
11/3/2020 10:56:59 PM	Gathering encrypted symmetric keys
11/3/2020 10:56:59 PM	Gathering schemas
11/3/2020 10:56:59 PM	Gathering XML schema collections
11/3/2020 10:56:59 PM	Gathering user-defined data types
11/3/2020 10:56:59 PM	Gathering user-defined types
11/3/2020 10:56:59 PM	Gathering table types
11/3/2020 10:56:59 PM	Gathering unique keys for table types
11/3/2020 10:56:59 PM	Gathering primary keys for table types
11/3/2020 10:56:59 PM	Gathering indexes for table types
11/3/2020 10:56:59 PM	Gathering check constraints for table types
11/3/2020 10:56:59 PM	Gathering default constraints for table types
11/3/2020 10:56:59 PM	Gathering partition functions
11/3/2020 10:56:59 PM	Gathering partition schemes
11/3/2020 10:56:59 PM	Gathering functions
11/3/2020 10:56:59 PM	Gathering encrypted functions
11/3/2020 10:56:59 PM	Gathering aggregates
11/3/2020 10:56:59 PM	Gathering procedures
11/3/2020 10:56:59 PM	Gathering encrypted procedures
11/3/2020 10:56:59 PM	Gathering tables
11/3/2020 10:56:59 PM	Gathering primary keys
11/3/2020 10:56:59 PM	Gathering unique constraints
11/3/2020 10:56:59 PM	Gathering foreign keys
11/3/2020 10:56:59 PM	Gathering default constraints
11/3/2020 10:56:59 PM	Gathering check constraints
11/3/2020 10:56:59 PM	Gathering views
11/3/2020 10:56:59 PM	Gathering encrypted views
11/3/2020 10:56:59 PM	Gathering indexes
11/3/2020 10:56:59 PM	Gathering statistics
11/3/2020 10:56:59 PM	Gathering full-text index stoplists
11/3/2020 10:56:59 PM	Gathering search property lists
11/3/2020 10:56:59 PM	Gathering search properties
11/3/2020 10:56:59 PM	Gathering full-text indexes
11/3/2020 10:56:59 PM	Gathering column store indexes
11/3/2020 10:56:59 PM	Gathering spatial indexes
11/3/2020 10:56:59 PM	Gathering XML indexes
11/3/2020 10:56:59 PM	Gathering Selective XML indexes
11/3/2020 10:56:59 PM	Gathering encrypted triggers
11/3/2020 10:56:59 PM	Gathering triggers
11/3/2020 10:56:59 PM	Gathering encrypted and clr ddl triggers
11/3/2020 10:56:59 PM	Gathering ddl triggers
11/3/2020 10:56:59 PM	Gathering synonyms
11/3/2020 10:56:59 PM	Gathering defaults
11/3/2020 10:56:59 PM	Gathering data constraint uddt bindings
11/3/2020 10:56:59 PM	Gathering rules
11/3/2020 10:56:59 PM	Gathering data constraint uddt bindings
11/3/2020 10:56:59 PM	Gathering message types
11/3/2020 10:56:59 PM	Gathering queues
11/3/2020 10:56:59 PM	Gathering contracts
11/3/2020 10:56:59 PM	Gathering services
11/3/2020 10:56:59 PM	Gathering event notifications
11/3/2020 10:56:59 PM	Gathering remote service bindings
11/3/2020 10:56:59 PM	Gathering broker priorities
11/3/2020 10:56:59 PM	Gathering signatures
11/3/2020 10:56:59 PM	Gathering data compression options
11/3/2020 10:56:59 PM	Gathering sequence types
11/3/2020 10:56:59 PM	Gathering security policies
11/3/2020 10:56:59 PM	Gather column encryption keys
11/3/2020 10:56:59 PM	Gathering column master keys
11/3/2020 10:56:59 PM	Gathering external data sources
11/3/2020 10:56:59 PM	Gathering external file formats
11/3/2020 10:56:59 PM	Gathering external tables
11/3/2020 10:56:59 PM	Gathering extended properties
11/3/2020 10:56:59 PM	Gathering credentials
11/3/2020 10:56:59 PM	Gathering logins
11/3/2020 10:56:59 PM	Gathering server audits
11/3/2020 10:57:00 PM	Scanning project for duplicate elements
11/3/2020 10:57:00 PM	Finished duplicate element processing
11/3/2020 10:57:00 PM	Finished importing database.
11/3/2020 10:57:00 PM	A summary of the import was saved to the following location: C:\Users\user\Documents\Visual Studio 2019\DB-Assignment\ImportDatabase\Import Schema Logs\ImportDatabase_20201104045654.log
11/3/2020 10:57:00 PM	Click Finish to continue...
